<?xml version="1.0" encoding="UTF-8"?>
<!-- Generated by org.testng.reporters.JUnitXMLReporter -->
<testsuite ignored="0" hostname="DESKTOP-4ICBJKC" failures="0" tests="5" name="Default test" time="17.704" errors="0" timestamp="2023-05-02T11:35:28 CDT">
  <testcase classname="com.acti.testcase.LoginPageTests" name="testActiImgDisplayed" time="0.056"/>
  <testcase classname="com.acti.testcase.LoginPageTests" name="testForgotPasswordLink" time="0.037"/>
  <testcase classname="com.acti.testcase.LoginPageTests" name="testLoginInvalidCredentials" time="3.163"/>
  <testcase classname="com.acti.testcase.LoginPageTests" name="testLoginPageTitle" time="0.007"/>
  <testcase classname="com.acti.testcase.LoginPageTests" name="tetsLoginFunction" time="0.197"/>
</testsuite> <!-- Default test -->
