<?xml version="1.0" encoding="UTF-8"?>
<!-- Generated by org.testng.reporters.JUnitXMLReporter -->
<testsuite ignored="4" hostname="DESKTOP-4ICBJKC" failures="0" tests="3" name="Test" time="44.82" errors="0" timestamp="2023-05-15T17:57:54 CDT">
  <testcase classname="com.acti.testcase.LoginPageTests" name="tetsLoginFunction" time="3.683"/>
  <testcase classname="com.acti.testcase.TaskPageTests" name="testCreateCustomer" time="6.567"/>
  <testcase classname="com.acti.testcase.TaskPageTests" name="testDeleteCustomer" time="18.313"/>
  <testcase classname="com.acti.testcase.LoginPageTests" name="testLoginPageTitle" time="0.0">
    <ignored/>
  </testcase> <!-- testLoginPageTitle -->
  <testcase classname="com.acti.testcase.LoginPageTests" name="testForgotPasswordLink" time="0.0">
    <ignored/>
  </testcase> <!-- testForgotPasswordLink -->
  <testcase classname="com.acti.testcase.LoginPageTests" name="testActiImgDisplayed" time="0.0">
    <ignored/>
  </testcase> <!-- testActiImgDisplayed -->
  <testcase classname="com.acti.testcase.LoginPageTests" name="testLoginInvalidCredentials" time="0.0">
    <ignored/>
  </testcase> <!-- testLoginInvalidCredentials -->
</testsuite> <!-- Test -->
