<?xml version="1.0" encoding="UTF-8"?>
<testng-results ignored="0" total="2" passed="2" failed="0" skipped="0">
  <reporter-output>
  </reporter-output>
  <suite started-at="2023-05-09T14:11:44 CDT" name="Default suite" finished-at="2023-05-09T14:12:20 CDT" duration-ms="35597">
    <groups>
    </groups>
    <test started-at="2023-05-09T14:11:44 CDT" name="Default test" finished-at="2023-05-09T14:12:20 CDT" duration-ms="35597">
      <class name="com.acti.testcase.TaskPageTests">
        <test-method is-config="true" signature="pretest()[pri:0, instance:com.acti.testcase.TaskPageTests@593aaf41]" started-at="2023-05-09T14:11:44 CDT" name="pretest" finished-at="2023-05-09T14:11:48 CDT" duration-ms="4381" status="PASS">
          <reporter-output>
          </reporter-output>
        </test-method> <!-- pretest -->
        <test-method signature="testCreateCustomer()[pri:1, instance:com.acti.testcase.TaskPageTests@593aaf41]" started-at="2023-05-09T14:11:48 CDT" name="testCreateCustomer" finished-at="2023-05-09T14:11:56 CDT" duration-ms="7420" status="PASS">
          <reporter-output>
          </reporter-output>
        </test-method> <!-- testCreateCustomer -->
        <test-method is-config="true" signature="teardown()[pri:0, instance:com.acti.testcase.TaskPageTests@593aaf41]" started-at="2023-05-09T14:11:56 CDT" name="teardown" finished-at="2023-05-09T14:11:56 CDT" duration-ms="277" status="PASS">
          <reporter-output>
          </reporter-output>
        </test-method> <!-- teardown -->
        <test-method is-config="true" signature="pretest()[pri:0, instance:com.acti.testcase.TaskPageTests@593aaf41]" started-at="2023-05-09T14:11:56 CDT" name="pretest" finished-at="2023-05-09T14:12:00 CDT" duration-ms="3525" status="PASS">
          <reporter-output>
          </reporter-output>
        </test-method> <!-- pretest -->
        <test-method signature="testDeleteCustomer()[pri:2, instance:com.acti.testcase.TaskPageTests@593aaf41]" started-at="2023-05-09T14:12:00 CDT" name="testDeleteCustomer" finished-at="2023-05-09T14:12:19 CDT" duration-ms="19659" status="PASS">
          <reporter-output>
          </reporter-output>
        </test-method> <!-- testDeleteCustomer -->
        <test-method is-config="true" signature="teardown()[pri:0, instance:com.acti.testcase.TaskPageTests@593aaf41]" started-at="2023-05-09T14:12:19 CDT" name="teardown" finished-at="2023-05-09T14:12:20 CDT" duration-ms="253" status="PASS">
          <reporter-output>
          </reporter-output>
        </test-method> <!-- teardown -->
      </class> <!-- com.acti.testcase.TaskPageTests -->
    </test> <!-- Default test -->
  </suite> <!-- Default suite -->
</testng-results>
